[2018-10-18T22:30:12.898] [ERROR] database - { [Error: SQLITE_ERROR: no such table: categor] errno: 1, code: 'SQLITE_ERROR' }
[2018-10-19T12:28:33.004] [ERROR] database - Failed to executeINSERT INTO categor (name) VALUES (?)
[2018-10-19T12:28:33.040] [ERROR] database - { [Error: SQLITE_ERROR: no such table: categor] errno: 1, code: 'SQLITE_ERROR' }
[2018-10-19T12:31:16.076] [ERROR] database - Failed to execute : INSERT INTO categor (name) VALUES (?)
[2018-10-19T12:31:16.100] [ERROR] database - { [Error: SQLITE_ERROR: no such table: categor] errno: 1, code: 'SQLITE_ERROR' }
[2018-10-19T12:33:24.529] [ERROR] database - Failed to execute : INSERT INTO categor (name) VALUES (?)
[2018-10-19T12:33:24.559] [ERROR] database - { [Error: SQLITE_ERROR: no such table: categor] errno: 1, code: 'SQLITE_ERROR' }
[2018-10-19T12:42:04.097] [ERROR] database - Failed to execute : DELETE FROM category WHERE id = ?
[2018-10-19T12:42:04.131] [ERROR] database - { [Error: SQLITE_ERROR: no such table: categor] errno: 1, code: 'SQLITE_ERROR' }
[2018-10-19T15:16:52.486] [ERROR] database - Failed to execute : SELECT * FROM category
[2018-10-19T15:16:52.491] [ERROR] database - { [Error: SQLITE_ERROR: no such table: categor] errno: 1, code: 'SQLITE_ERROR' }
[2018-10-19T15:17:22.094] [ERROR] database - Failed to execute : SELECT * FROM category
[2018-10-19T15:17:22.114] [ERROR] database - { [Error: SQLITE_ERROR: no such table: categor] errno: 1, code: 'SQLITE_ERROR' }
[2018-10-19T15:21:40.601] [ERROR] database - Failed to execute : SELECT * FROM category
[2018-10-19T15:21:40.612] [ERROR] database - { [Error: SQLITE_ERROR: no such table: categor] errno: 1, code: 'SQLITE_ERROR' }
[2018-10-19T16:53:57.964] [ERROR] database - Failed to execute : SELECT * FROM category
[2018-10-19T16:53:57.967] [ERROR] database - { [Error: SQLITE_ERROR: no such table: categor] errno: 1, code: 'SQLITE_ERROR' }
[2018-10-19T16:54:15.307] [ERROR] database - Failed to execute : SELECT * FROM category
[2018-10-19T16:54:15.311] [ERROR] database - { [Error: SQLITE_ERROR: no such table: categor] errno: 1, code: 'SQLITE_ERROR' }
[2018-10-19T16:54:28.230] [ERROR] database - Failed to execute : SELECT * FROM category
[2018-10-19T16:54:28.234] [ERROR] database - { [Error: SQLITE_ERROR: no such table: categor] errno: 1, code: 'SQLITE_ERROR' }
[2018-10-19T16:57:51.761] [ERROR] database - Failed to execute : SELECT * FROM category
[2018-10-19T16:57:51.764] [ERROR] database - { [Error: SQLITE_ERROR: no such table: categor] errno: 1, code: 'SQLITE_ERROR' }
[2018-10-19T16:58:50.396] [ERROR] database - Failed to execute : SELECT * FROM category
[2018-10-19T16:58:50.403] [ERROR] database - { [Error: SQLITE_ERROR: no such table: categor] errno: 1, code: 'SQLITE_ERROR' }
[2018-10-19T16:59:28.798] [ERROR] database - Failed to execute : SELECT * FROM category
[2018-10-19T16:59:28.801] [ERROR] database - { [Error: SQLITE_ERROR: no such table: categor] errno: 1, code: 'SQLITE_ERROR' }
[2018-10-19T17:26:12.186] [ERROR] database - Failed to execute : SELECT * FROM category
[2018-10-19T17:26:12.191] [ERROR] database - { [Error: SQLITE_ERROR: no such table: categor] errno: 1, code: 'SQLITE_ERROR' }
[2018-10-19T17:28:59.621] [ERROR] database - Failed to execute : SELECT * FROM category
[2018-10-19T17:28:59.640] [ERROR] database - { [Error: SQLITE_ERROR: no such table: categor] errno: 1, code: 'SQLITE_ERROR' }
[2018-10-19T17:33:28.802] [ERROR] database - Failed to execute : SELECT * FROM category
[2018-10-19T17:33:28.824] [ERROR] database - { [Error: SQLITE_ERROR: no such table: categor] errno: 1, code: 'SQLITE_ERROR' }
[2018-10-19T17:35:14.200] [ERROR] database - Failed to execute : SELECT * FROM category
[2018-10-19T17:35:14.235] [ERROR] database - { [Error: SQLITE_ERROR: no such table: categor] errno: 1, code: 'SQLITE_ERROR' }
[2018-10-19T17:35:53.723] [ERROR] database - Failed to execute : SELECT * FROM category
[2018-10-19T17:35:53.744] [ERROR] database - { [Error: SQLITE_ERROR: no such table: categor] errno: 1, code: 'SQLITE_ERROR' }
[2018-10-19T17:36:16.132] [ERROR] database - Failed to execute : SELECT * FROM category
[2018-10-19T17:36:16.175] [ERROR] database - { [Error: SQLITE_ERROR: no such table: categor] errno: 1, code: 'SQLITE_ERROR' }
[2018-10-19T17:37:07.153] [ERROR] database - Failed to execute : SELECT * FROM category
[2018-10-19T17:37:07.175] [ERROR] database - { [Error: SQLITE_ERROR: no such table: categor] errno: 1, code: 'SQLITE_ERROR' }
[2018-10-19T17:37:52.859] [ERROR] database - Failed to execute : SELECT * FROM category
[2018-10-19T17:37:52.888] [ERROR] database - { [Error: SQLITE_ERROR: no such table: categor] errno: 1, code: 'SQLITE_ERROR' }
[2018-10-19T17:38:40.712] [ERROR] database - Failed to execute : SELECT * FROM category
[2018-10-19T17:38:40.726] [ERROR] database - { [Error: SQLITE_ERROR: no such table: categor] errno: 1, code: 'SQLITE_ERROR' }
[2018-10-19T17:38:49.626] [ERROR] database - Failed to execute : SELECT * FROM category
[2018-10-19T17:38:49.630] [ERROR] database - { [Error: SQLITE_ERROR: no such table: categor] errno: 1, code: 'SQLITE_ERROR' }
[2018-10-19T17:40:09.529] [ERROR] database - Failed to execute : SELECT * FROM category
[2018-10-19T17:40:09.556] [ERROR] database - { [Error: SQLITE_ERROR: no such table: categor] errno: 1, code: 'SQLITE_ERROR' }
[2018-10-19T17:40:40.437] [ERROR] database - Failed to execute : SELECT * FROM category
[2018-10-19T17:40:40.464] [ERROR] database - { [Error: SQLITE_ERROR: no such table: categor] errno: 1, code: 'SQLITE_ERROR' }
[2018-10-19T17:42:02.700] [ERROR] database - Failed to execute : SELECT * FROM category
[2018-10-19T17:42:02.717] [ERROR] database - { [Error: SQLITE_ERROR: no such table: categor] errno: 1, code: 'SQLITE_ERROR' }
[2018-10-19T17:43:05.249] [ERROR] database - Failed to execute : SELECT * FROM category
[2018-10-19T17:43:05.259] [ERROR] database - { [Error: SQLITE_ERROR: no such table: categor] errno: 1, code: 'SQLITE_ERROR' }
[2018-10-19T17:44:56.405] [ERROR] database - Failed to execute : SELECT * FROM category
[2018-10-19T17:44:56.432] [ERROR] database - { [Error: SQLITE_ERROR: no such table: categor] errno: 1, code: 'SQLITE_ERROR' }
[2018-10-19T17:46:47.810] [ERROR] database - Failed to execute : SELECT * FROM category
[2018-10-19T17:46:47.849] [ERROR] database - { [Error: SQLITE_ERROR: no such table: categor] errno: 1, code: 'SQLITE_ERROR' }
[2018-10-19T17:53:18.388] [ERROR] database - Failed to execute : SELECT * FROM category
[2018-10-19T17:53:18.406] [ERROR] database - { [Error: SQLITE_ERROR: no such table: categor] errno: 1, code: 'SQLITE_ERROR' }
[2018-10-19T17:54:18.140] [ERROR] database - Failed to execute : SELECT * FROM category
[2018-10-19T17:54:18.155] [ERROR] database - { [Error: SQLITE_ERROR: no such table: categor] errno: 1, code: 'SQLITE_ERROR' }
[2018-10-19T17:55:11.637] [ERROR] database - Failed to execute : SELECT * FROM category
[2018-10-19T17:55:11.674] [ERROR] database - { [Error: SQLITE_ERROR: no such table: categor] errno: 1, code: 'SQLITE_ERROR' }
[2018-10-19T17:56:19.057] [ERROR] database - Failed to execute : SELECT * FROM category
[2018-10-19T17:56:19.080] [ERROR] database - { [Error: SQLITE_ERROR: no such table: categor] errno: 1, code: 'SQLITE_ERROR' }
[2018-10-19T17:57:24.108] [ERROR] database - Failed to execute : SELECT * FROM category
[2018-10-19T17:57:24.136] [ERROR] database - { [Error: SQLITE_ERROR: no such table: categor] errno: 1, code: 'SQLITE_ERROR' }
[2018-10-19T17:57:42.706] [ERROR] database - Failed to execute : SELECT * FROM category
[2018-10-19T17:57:42.714] [ERROR] database - { [Error: SQLITE_ERROR: no such table: categor] errno: 1, code: 'SQLITE_ERROR' }
[2018-10-19T17:58:14.483] [ERROR] database - Failed to execute : SELECT * FROM category
[2018-10-19T17:58:14.507] [ERROR] database - { [Error: SQLITE_ERROR: no such table: categor] errno: 1, code: 'SQLITE_ERROR' }
[2018-10-19T17:58:49.948] [ERROR] database - Failed to execute : SELECT * FROM category
[2018-10-19T17:58:49.966] [ERROR] database - { [Error: SQLITE_ERROR: no such table: categor] errno: 1, code: 'SQLITE_ERROR' }
[2018-10-19T17:59:38.985] [ERROR] database - Failed to execute : SELECT * FROM category
[2018-10-19T17:59:39.002] [ERROR] database - { [Error: SQLITE_ERROR: no such table: categor] errno: 1, code: 'SQLITE_ERROR' }
[2018-10-19T18:00:04.490] [ERROR] database - Failed to execute : SELECT * FROM category
[2018-10-19T18:00:04.495] [ERROR] database - { [Error: SQLITE_ERROR: no such table: categor] errno: 1, code: 'SQLITE_ERROR' }
[2018-10-19T18:03:19.594] [ERROR] database - Failed to execute : SELECT * FROM category
[2018-10-19T18:03:19.620] [ERROR] database - { [Error: SQLITE_ERROR: no such table: categor] errno: 1, code: 'SQLITE_ERROR' }
[2018-10-19T18:04:26.385] [ERROR] database - Failed to execute : SELECT * FROM category
[2018-10-19T18:04:26.399] [ERROR] database - { [Error: SQLITE_ERROR: no such table: categor] errno: 1, code: 'SQLITE_ERROR' }
[2018-10-19T18:13:40.263] [ERROR] database - Failed to execute : SELECT * FROM category
[2018-10-19T18:13:40.292] [ERROR] database - { [Error: SQLITE_ERROR: no such table: categor] errno: 1, code: 'SQLITE_ERROR' }
[2018-10-19T18:14:22.408] [ERROR] database - Failed to execute : SELECT * FROM category
[2018-10-19T18:14:22.416] [ERROR] database - { [Error: SQLITE_ERROR: no such table: categor] errno: 1, code: 'SQLITE_ERROR' }
[2018-10-19T18:15:07.124] [ERROR] database - Failed to execute : SELECT * FROM category
[2018-10-19T18:15:07.153] [ERROR] database - { [Error: SQLITE_ERROR: no such table: categor] errno: 1, code: 'SQLITE_ERROR' }
[2018-10-19T18:15:38.048] [ERROR] database - Failed to execute : SELECT * FROM category
[2018-10-19T18:15:38.074] [ERROR] database - { [Error: SQLITE_ERROR: no such table: categor] errno: 1, code: 'SQLITE_ERROR' }
[2018-10-19T18:16:15.168] [ERROR] database - Failed to execute : SELECT * FROM category
[2018-10-19T18:16:15.172] [ERROR] database - { [Error: SQLITE_ERROR: no such table: categor] errno: 1, code: 'SQLITE_ERROR' }
[2018-10-19T18:16:46.775] [ERROR] database - Failed to execute : SELECT * FROM category
[2018-10-19T18:16:46.794] [ERROR] database - { [Error: SQLITE_ERROR: no such table: categor] errno: 1, code: 'SQLITE_ERROR' }
